<?xml version="1.0" encoding="UTF-8"?>
<!-- Generated by org.testng.reporters.JUnitReportReporter -->
<testsuite hostname="Karthick" failures="0" tests="2" name="com.ecommerce.runners.TestNGRunner" time="83.129" errors="0" timestamp="2023-12-12T10:57:43 IST" skipped="0">
  <testcase classname="com.ecommerce.runners.TestNGRunner" name="runScenario" time="21.351"/>
  <system-out/>
  <testcase classname="com.ecommerce.runners.TestNGRunner" name="runScenario" time="61.778"/>
  <system-out/>
</testsuite> <!-- com.ecommerce.runners.TestNGRunner -->
