<?xml version="1.0" encoding="UTF-8"?>
<!-- Generated by org.testng.reporters.JUnitReportReporter -->
<testsuite hostname="Karthick" failures="0" tests="1" name="com.ecommerce.runners.TestNGRunner" time="64.584" errors="0" timestamp="2023-12-09T13:22:41 IST" skipped="0">
  <testcase classname="com.ecommerce.runners.TestNGRunner" name="runScenario" time="64.584"/>
  <system-out/>
</testsuite> <!-- com.ecommerce.runners.TestNGRunner -->
